-------------------------------------------------------------------------------
Test set: fr.esir.mdi.ci.TabTest
-------------------------------------------------------------------------------
Tests run: 3, Failures: 1, Errors: 0, Skipped: 0, Time elapsed: 0.041 s <<< FAILURE! - in fr.esir.mdi.ci.TabTest
testSetIndice(fr.esir.mdi.ci.TabTest)  Time elapsed: 0.006 s  <<< FAILURE!
java.lang.AssertionError
	at fr.esir.mdi.ci.TabTest.testSetIndice(TabTest.java:32)

